
**** 05/21/112 19:38:46 ******** NT Evaluation PSpice (July 1997) ************

 * C:\MSimEv_8\Projects\ue3\2_2.sch


 ****     CIRCUIT DESCRIPTION


******************************************************************************




* Schematics Version 8.0 - July 1997
* Mon May 21 19:38:46 2012


.PARAM         Rval=72 

** Analysis setup **
.ac DEC 1000 10000 1000000
.MC 10 AC V([$N_0003]) MAX
+  OUTPUT ALL
.TEMP -25 27 100
.LIB "C:\MSimEv_8\Projects\ue3\2_1.lib"
.LIB "C:\MSimEv_8\Projects\ue3\2_2.lib"


* From [SCHEMATICS NETLIST] section of msim.ini:
.lib nom.lib

.INC "2_2.net"

**** INCLUDING 2_2.net ****
* Schematics Netlist *



V_V1         $N_0001 0 DC 0V AC 1V 
R_R1         $N_0001 $N_0002 Rbreak-X {Rval}
C_C1         $N_0002 $N_0003 Cbreak-X 22n 
R_R2         $N_0003 0 Rbreak-X1 {Rval}
C_C2         $N_0003 0 Cbreak-X1 22n 

**** RESUMING 2_2.cir ****
.INC "2_2.als"



**** INCLUDING 2_2.als ****
* Schematics Aliases *

.ALIASES
V_V1            V1(+=$N_0001 -=0 )
R_R1            R1(1=$N_0001 2=$N_0002 )
C_C1            C1(1=$N_0002 2=$N_0003 )
R_R2            R2(1=$N_0003 2=0 )
C_C2            C2(1=$N_0003 2=0 )
.ENDALIASES


**** RESUMING 2_2.cir ****
.probe


.END

**** 05/21/112 19:38:46 ******** NT Evaluation PSpice (July 1997) ************

 * C:\MSimEv_8\Projects\ue3\2_2.sch


 ****     Resistor MODEL PARAMETERS


******************************************************************************




               Rbreak-X        Rbreak-X1       
           R    1               1            
         TC1 -200.000000E-06 -200.000000E-06 


**** 05/21/112 19:38:46 ******** NT Evaluation PSpice (July 1997) ************

 * C:\MSimEv_8\Projects\ue3\2_2.sch


 ****     Capacitor MODEL PARAMETERS


******************************************************************************




               Cbreak-X        Cbreak-X1       
           C    1               1            
         TC1 -300.000000E-06 -300.000000E-06 


**** 05/21/112 19:38:46 ******** NT Evaluation PSpice (July 1997) ************

 * C:\MSimEv_8\Projects\ue3\2_2.sch


 ****     TEMPERATURE-ADJUSTED VALUES      TEMPERATURE =  -25.000 DEG C


******************************************************************************






 **** CAPACITORS
 NAME        VALUE
 C_C1       2.234E-08
 C_C2       2.234E-08



 **** RESISTORS
 NAME        VALUE
 R_R1       7.275E+01
 R_R2       7.275E+01


 **** CURRENT MODEL PARAMETERS FOR DEVICES REFERENCING Rbreak-X
                       R_R1            
              R      1.0000E+00


 **** CURRENT MODEL PARAMETERS FOR DEVICES REFERENCING Rbreak-X1
                       R_R2            
              R      1.0000E+00


 **** CURRENT MODEL PARAMETERS FOR DEVICES REFERENCING Cbreak-X
                       C_C1            
              C      1.0000E+00


 **** CURRENT MODEL PARAMETERS FOR DEVICES REFERENCING Cbreak-X1
                       C_C2            
              C      1.0000E+00

**** 05/21/112 19:38:46 ******** NT Evaluation PSpice (July 1997) ************

 * C:\MSimEv_8\Projects\ue3\2_2.sch


 ****     SMALL SIGNAL BIAS SOLUTION       TEMPERATURE =  -25.000 DEG C

                      MONTE CARLO NOMINAL  

******************************************************************************



 NODE   VOLTAGE     NODE   VOLTAGE     NODE   VOLTAGE     NODE   VOLTAGE


($N_0001)    0.0000                   ($N_0002)    0.0000                       

($N_0003)    0.0000                   




    VOLTAGE SOURCE CURRENTS
    NAME         CURRENT

    V_V1         0.000E+00

    TOTAL POWER DISSIPATION   0.00E+00  WATTS


**** 05/21/112 19:38:46 ******** NT Evaluation PSpice (July 1997) ************

 * C:\MSimEv_8\Projects\ue3\2_2.sch


 ****     SMALL SIGNAL BIAS SOLUTION       TEMPERATURE =  -25.000 DEG C

                      MONTE CARLO PASS    2

******************************************************************************



 NODE   VOLTAGE     NODE   VOLTAGE     NODE   VOLTAGE     NODE   VOLTAGE


($N_0001)    0.0000                   ($N_0002)    0.0000                       

($N_0003)    0.0000                   




    VOLTAGE SOURCE CURRENTS
    NAME         CURRENT

    V_V1         0.000E+00

    TOTAL POWER DISSIPATION   0.00E+00  WATTS


**** 05/21/112 19:38:47 ******** NT Evaluation PSpice (July 1997) ************

 * C:\MSimEv_8\Projects\ue3\2_2.sch


 ****     SMALL SIGNAL BIAS SOLUTION       TEMPERATURE =  -25.000 DEG C

                      MONTE CARLO PASS    3

******************************************************************************



 NODE   VOLTAGE     NODE   VOLTAGE     NODE   VOLTAGE     NODE   VOLTAGE


($N_0001)    0.0000                   ($N_0002)    0.0000                       

($N_0003)    0.0000                   




    VOLTAGE SOURCE CURRENTS
    NAME         CURRENT

    V_V1         0.000E+00

    TOTAL POWER DISSIPATION   0.00E+00  WATTS


**** 05/21/112 19:38:47 ******** NT Evaluation PSpice (July 1997) ************

 * C:\MSimEv_8\Projects\ue3\2_2.sch


 ****     SMALL SIGNAL BIAS SOLUTION       TEMPERATURE =  -25.000 DEG C

                      MONTE CARLO PASS    4

******************************************************************************



 NODE   VOLTAGE     NODE   VOLTAGE     NODE   VOLTAGE     NODE   VOLTAGE


($N_0001)    0.0000                   ($N_0002)    0.0000                       

($N_0003)    0.0000                   




    VOLTAGE SOURCE CURRENTS
    NAME         CURRENT

    V_V1         0.000E+00

    TOTAL POWER DISSIPATION   0.00E+00  WATTS


**** 05/21/112 19:38:47 ******** NT Evaluation PSpice (July 1997) ************

 * C:\MSimEv_8\Projects\ue3\2_2.sch


 ****     SMALL SIGNAL BIAS SOLUTION       TEMPERATURE =  -25.000 DEG C

                      MONTE CARLO PASS    5

******************************************************************************



 NODE   VOLTAGE     NODE   VOLTAGE     NODE   VOLTAGE     NODE   VOLTAGE


($N_0001)    0.0000                   ($N_0002)    0.0000                       

($N_0003)    0.0000                   




    VOLTAGE SOURCE CURRENTS
    NAME         CURRENT

    V_V1         0.000E+00

    TOTAL POWER DISSIPATION   0.00E+00  WATTS


**** 05/21/112 19:38:47 ******** NT Evaluation PSpice (July 1997) ************

 * C:\MSimEv_8\Projects\ue3\2_2.sch


 ****     SMALL SIGNAL BIAS SOLUTION       TEMPERATURE =  -25.000 DEG C

                      MONTE CARLO PASS    6

******************************************************************************



 NODE   VOLTAGE     NODE   VOLTAGE     NODE   VOLTAGE     NODE   VOLTAGE


($N_0001)    0.0000                   ($N_0002)    0.0000                       

($N_0003)    0.0000                   




    VOLTAGE SOURCE CURRENTS
    NAME         CURRENT

    V_V1         0.000E+00

    TOTAL POWER DISSIPATION   0.00E+00  WATTS


**** 05/21/112 19:38:47 ******** NT Evaluation PSpice (July 1997) ************

 * C:\MSimEv_8\Projects\ue3\2_2.sch


 ****     SMALL SIGNAL BIAS SOLUTION       TEMPERATURE =  -25.000 DEG C

                      MONTE CARLO PASS    7

******************************************************************************



 NODE   VOLTAGE     NODE   VOLTAGE     NODE   VOLTAGE     NODE   VOLTAGE


($N_0001)    0.0000                   ($N_0002)    0.0000                       

($N_0003)    0.0000                   




    VOLTAGE SOURCE CURRENTS
    NAME         CURRENT

    V_V1         0.000E+00

    TOTAL POWER DISSIPATION   0.00E+00  WATTS


**** 05/21/112 19:38:47 ******** NT Evaluation PSpice (July 1997) ************

 * C:\MSimEv_8\Projects\ue3\2_2.sch


 ****     SMALL SIGNAL BIAS SOLUTION       TEMPERATURE =  -25.000 DEG C

                      MONTE CARLO PASS    8

******************************************************************************



 NODE   VOLTAGE     NODE   VOLTAGE     NODE   VOLTAGE     NODE   VOLTAGE


($N_0001)    0.0000                   ($N_0002)    0.0000                       

($N_0003)    0.0000                   




    VOLTAGE SOURCE CURRENTS
    NAME         CURRENT

    V_V1         0.000E+00

    TOTAL POWER DISSIPATION   0.00E+00  WATTS


**** 05/21/112 19:38:47 ******** NT Evaluation PSpice (July 1997) ************

 * C:\MSimEv_8\Projects\ue3\2_2.sch


 ****     SMALL SIGNAL BIAS SOLUTION       TEMPERATURE =  -25.000 DEG C

                      MONTE CARLO PASS    9

******************************************************************************



 NODE   VOLTAGE     NODE   VOLTAGE     NODE   VOLTAGE     NODE   VOLTAGE


($N_0001)    0.0000                   ($N_0002)    0.0000                       

($N_0003)    0.0000                   




    VOLTAGE SOURCE CURRENTS
    NAME         CURRENT

    V_V1         0.000E+00

    TOTAL POWER DISSIPATION   0.00E+00  WATTS


**** 05/21/112 19:38:47 ******** NT Evaluation PSpice (July 1997) ************

 * C:\MSimEv_8\Projects\ue3\2_2.sch


 ****     SMALL SIGNAL BIAS SOLUTION       TEMPERATURE =  -25.000 DEG C

                      MONTE CARLO PASS   10

******************************************************************************



 NODE   VOLTAGE     NODE   VOLTAGE     NODE   VOLTAGE     NODE   VOLTAGE


($N_0001)    0.0000                   ($N_0002)    0.0000                       

($N_0003)    0.0000                   




    VOLTAGE SOURCE CURRENTS
    NAME         CURRENT

    V_V1         0.000E+00

    TOTAL POWER DISSIPATION   0.00E+00  WATTS


**** 05/21/112 19:38:47 ******** NT Evaluation PSpice (July 1997) ************

 * C:\MSimEv_8\Projects\ue3\2_2.sch


 ****     SORTED DEVIATIONS OF V($N_0003)  TEMPERATURE =  -25.000 DEG C

                      MONTE CARLO SUMMARY

******************************************************************************





 RUN                    MAXIMUM VALUE

Pass    6                .3651 at F =  101.1600E+03
                        ( 109.54% of Nominal)

Pass    2                .3599 at F =  103.5100E+03
                        ( 107.97% of Nominal)

Pass   10                .357  at F =   98.4010E+03
                        ( 107.1 % of Nominal)

Pass    9                .341  at F =   92.6830E+03
                        ( 102.29% of Nominal)

Pass    4                .3395 at F =   93.1110E+03
                        ( 101.86% of Nominal)

NOMINAL                  .3333 at F =   97.9490E+03

Pass    8                .3276 at F =  106.1700E+03
                        (  98.267% of Nominal)

Pass    5                .3215 at F =   91.4110E+03
                        (  96.459% of Nominal)

Pass    3                .3183 at F =  103.2800E+03
                        (  95.504% of Nominal)

Pass    7                .3182 at F =  103.5100E+03
                        (  95.462% of Nominal)


**** 05/21/112 19:38:47 ******** NT Evaluation PSpice (July 1997) ************

 * C:\MSimEv_8\Projects\ue3\2_2.sch


 ****     TEMPERATURE-ADJUSTED VALUES      TEMPERATURE =   27.000 DEG C


******************************************************************************






 **** CAPACITORS
 NAME        VALUE
 C_C1       2.200E-08
 C_C2       2.200E-08



 **** RESISTORS
 NAME        VALUE
 R_R1       7.200E+01
 R_R2       7.200E+01


 **** CURRENT MODEL PARAMETERS FOR DEVICES REFERENCING Rbreak-X
                       R_R1            
              R      1.0000E+00


 **** CURRENT MODEL PARAMETERS FOR DEVICES REFERENCING Rbreak-X1
                       R_R2            
              R      1.0000E+00


 **** CURRENT MODEL PARAMETERS FOR DEVICES REFERENCING Cbreak-X
                       C_C1            
              C      1.0000E+00


 **** CURRENT MODEL PARAMETERS FOR DEVICES REFERENCING Cbreak-X1
                       C_C2            
              C      1.0000E+00

**** 05/21/112 19:38:47 ******** NT Evaluation PSpice (July 1997) ************

 * C:\MSimEv_8\Projects\ue3\2_2.sch


 ****     SMALL SIGNAL BIAS SOLUTION       TEMPERATURE =   27.000 DEG C

                      MONTE CARLO NOMINAL  

******************************************************************************



 NODE   VOLTAGE     NODE   VOLTAGE     NODE   VOLTAGE     NODE   VOLTAGE


($N_0001)    0.0000                   ($N_0002)    0.0000                       

($N_0003)    0.0000                   




    VOLTAGE SOURCE CURRENTS
    NAME         CURRENT

    V_V1         0.000E+00

    TOTAL POWER DISSIPATION   0.00E+00  WATTS


**** 05/21/112 19:38:47 ******** NT Evaluation PSpice (July 1997) ************

 * C:\MSimEv_8\Projects\ue3\2_2.sch


 ****     SMALL SIGNAL BIAS SOLUTION       TEMPERATURE =   27.000 DEG C

                      MONTE CARLO PASS    2

******************************************************************************



 NODE   VOLTAGE     NODE   VOLTAGE     NODE   VOLTAGE     NODE   VOLTAGE


($N_0001)    0.0000                   ($N_0002)    0.0000                       

($N_0003)    0.0000                   




    VOLTAGE SOURCE CURRENTS
    NAME         CURRENT

    V_V1         0.000E+00

    TOTAL POWER DISSIPATION   0.00E+00  WATTS


**** 05/21/112 19:38:47 ******** NT Evaluation PSpice (July 1997) ************

 * C:\MSimEv_8\Projects\ue3\2_2.sch


 ****     SMALL SIGNAL BIAS SOLUTION       TEMPERATURE =   27.000 DEG C

                      MONTE CARLO PASS    3

******************************************************************************



 NODE   VOLTAGE     NODE   VOLTAGE     NODE   VOLTAGE     NODE   VOLTAGE


($N_0001)    0.0000                   ($N_0002)    0.0000                       

($N_0003)    0.0000                   




    VOLTAGE SOURCE CURRENTS
    NAME         CURRENT

    V_V1         0.000E+00

    TOTAL POWER DISSIPATION   0.00E+00  WATTS


**** 05/21/112 19:38:48 ******** NT Evaluation PSpice (July 1997) ************

 * C:\MSimEv_8\Projects\ue3\2_2.sch


 ****     SMALL SIGNAL BIAS SOLUTION       TEMPERATURE =   27.000 DEG C

                      MONTE CARLO PASS    4

******************************************************************************



 NODE   VOLTAGE     NODE   VOLTAGE     NODE   VOLTAGE     NODE   VOLTAGE


($N_0001)    0.0000                   ($N_0002)    0.0000                       

($N_0003)    0.0000                   




    VOLTAGE SOURCE CURRENTS
    NAME         CURRENT

    V_V1         0.000E+00

    TOTAL POWER DISSIPATION   0.00E+00  WATTS


**** 05/21/112 19:38:48 ******** NT Evaluation PSpice (July 1997) ************

 * C:\MSimEv_8\Projects\ue3\2_2.sch


 ****     SMALL SIGNAL BIAS SOLUTION       TEMPERATURE =   27.000 DEG C

                      MONTE CARLO PASS    5

******************************************************************************



 NODE   VOLTAGE     NODE   VOLTAGE     NODE   VOLTAGE     NODE   VOLTAGE


($N_0001)    0.0000                   ($N_0002)    0.0000                       

($N_0003)    0.0000                   




    VOLTAGE SOURCE CURRENTS
    NAME         CURRENT

    V_V1         0.000E+00

    TOTAL POWER DISSIPATION   0.00E+00  WATTS


**** 05/21/112 19:38:48 ******** NT Evaluation PSpice (July 1997) ************

 * C:\MSimEv_8\Projects\ue3\2_2.sch


 ****     SMALL SIGNAL BIAS SOLUTION       TEMPERATURE =   27.000 DEG C

                      MONTE CARLO PASS    6

******************************************************************************



 NODE   VOLTAGE     NODE   VOLTAGE     NODE   VOLTAGE     NODE   VOLTAGE


($N_0001)    0.0000                   ($N_0002)    0.0000                       

($N_0003)    0.0000                   




    VOLTAGE SOURCE CURRENTS
    NAME         CURRENT

    V_V1         0.000E+00

    TOTAL POWER DISSIPATION   0.00E+00  WATTS


**** 05/21/112 19:38:48 ******** NT Evaluation PSpice (July 1997) ************

 * C:\MSimEv_8\Projects\ue3\2_2.sch


 ****     SMALL SIGNAL BIAS SOLUTION       TEMPERATURE =   27.000 DEG C

                      MONTE CARLO PASS    7

******************************************************************************



 NODE   VOLTAGE     NODE   VOLTAGE     NODE   VOLTAGE     NODE   VOLTAGE


($N_0001)    0.0000                   ($N_0002)    0.0000                       

($N_0003)    0.0000                   




    VOLTAGE SOURCE CURRENTS
    NAME         CURRENT

    V_V1         0.000E+00

    TOTAL POWER DISSIPATION   0.00E+00  WATTS


**** 05/21/112 19:38:48 ******** NT Evaluation PSpice (July 1997) ************

 * C:\MSimEv_8\Projects\ue3\2_2.sch


 ****     SMALL SIGNAL BIAS SOLUTION       TEMPERATURE =   27.000 DEG C

                      MONTE CARLO PASS    8

******************************************************************************



 NODE   VOLTAGE     NODE   VOLTAGE     NODE   VOLTAGE     NODE   VOLTAGE


($N_0001)    0.0000                   ($N_0002)    0.0000                       

($N_0003)    0.0000                   




    VOLTAGE SOURCE CURRENTS
    NAME         CURRENT

    V_V1         0.000E+00

    TOTAL POWER DISSIPATION   0.00E+00  WATTS


**** 05/21/112 19:38:48 ******** NT Evaluation PSpice (July 1997) ************

 * C:\MSimEv_8\Projects\ue3\2_2.sch


 ****     SMALL SIGNAL BIAS SOLUTION       TEMPERATURE =   27.000 DEG C

                      MONTE CARLO PASS    9

******************************************************************************



 NODE   VOLTAGE     NODE   VOLTAGE     NODE   VOLTAGE     NODE   VOLTAGE


($N_0001)    0.0000                   ($N_0002)    0.0000                       

($N_0003)    0.0000                   




    VOLTAGE SOURCE CURRENTS
    NAME         CURRENT

    V_V1         0.000E+00

    TOTAL POWER DISSIPATION   0.00E+00  WATTS


**** 05/21/112 19:38:48 ******** NT Evaluation PSpice (July 1997) ************

 * C:\MSimEv_8\Projects\ue3\2_2.sch


 ****     SMALL SIGNAL BIAS SOLUTION       TEMPERATURE =   27.000 DEG C

                      MONTE CARLO PASS   10

******************************************************************************



 NODE   VOLTAGE     NODE   VOLTAGE     NODE   VOLTAGE     NODE   VOLTAGE


($N_0001)    0.0000                   ($N_0002)    0.0000                       

($N_0003)    0.0000                   




    VOLTAGE SOURCE CURRENTS
    NAME         CURRENT

    V_V1         0.000E+00

    TOTAL POWER DISSIPATION   0.00E+00  WATTS


**** 05/21/112 19:38:48 ******** NT Evaluation PSpice (July 1997) ************

 * C:\MSimEv_8\Projects\ue3\2_2.sch


 ****     SORTED DEVIATIONS OF V($N_0003)  TEMPERATURE =   27.000 DEG C

                      MONTE CARLO SUMMARY

******************************************************************************





 RUN                    MAXIMUM VALUE

Pass    6                .3651 at F =  103.7500E+03
                        ( 109.54% of Nominal)

Pass    2                .3599 at F =  106.1700E+03
                        ( 107.97% of Nominal)

Pass   10                .357  at F =  100.9300E+03
                        ( 107.1 % of Nominal)

Pass    9                .341  at F =   95.0600E+03
                        ( 102.29% of Nominal)

Pass    4                .3395 at F =   95.4990E+03
                        ( 101.86% of Nominal)

NOMINAL                  .3333 at F =  100.4600E+03

Pass    8                .3276 at F =  108.8900E+03
                        (  98.267% of Nominal)

Pass    5                .3215 at F =   93.7560E+03
                        (  96.459% of Nominal)

Pass    3                .3183 at F =  105.9300E+03
                        (  95.504% of Nominal)

Pass    7                .3182 at F =  106.1700E+03
                        (  95.462% of Nominal)


**** 05/21/112 19:38:48 ******** NT Evaluation PSpice (July 1997) ************

 * C:\MSimEv_8\Projects\ue3\2_2.sch


 ****     TEMPERATURE-ADJUSTED VALUES      TEMPERATURE =  100.000 DEG C


******************************************************************************






 **** CAPACITORS
 NAME        VALUE
 C_C1       2.152E-08
 C_C2       2.152E-08



 **** RESISTORS
 NAME        VALUE
 R_R1       7.095E+01
 R_R2       7.095E+01


 **** CURRENT MODEL PARAMETERS FOR DEVICES REFERENCING Rbreak-X
                       R_R1            
              R      1.0000E+00


 **** CURRENT MODEL PARAMETERS FOR DEVICES REFERENCING Rbreak-X1
                       R_R2            
              R      1.0000E+00


 **** CURRENT MODEL PARAMETERS FOR DEVICES REFERENCING Cbreak-X
                       C_C1            
              C      1.0000E+00


 **** CURRENT MODEL PARAMETERS FOR DEVICES REFERENCING Cbreak-X1
                       C_C2            
              C      1.0000E+00

**** 05/21/112 19:38:48 ******** NT Evaluation PSpice (July 1997) ************

 * C:\MSimEv_8\Projects\ue3\2_2.sch


 ****     SMALL SIGNAL BIAS SOLUTION       TEMPERATURE =  100.000 DEG C

                      MONTE CARLO NOMINAL  

******************************************************************************



 NODE   VOLTAGE     NODE   VOLTAGE     NODE   VOLTAGE     NODE   VOLTAGE


($N_0001)    0.0000                   ($N_0002)    0.0000                       

($N_0003)    0.0000                   




    VOLTAGE SOURCE CURRENTS
    NAME         CURRENT

    V_V1         0.000E+00

    TOTAL POWER DISSIPATION   0.00E+00  WATTS


**** 05/21/112 19:38:48 ******** NT Evaluation PSpice (July 1997) ************

 * C:\MSimEv_8\Projects\ue3\2_2.sch


 ****     SMALL SIGNAL BIAS SOLUTION       TEMPERATURE =  100.000 DEG C

                      MONTE CARLO PASS    2

******************************************************************************



 NODE   VOLTAGE     NODE   VOLTAGE     NODE   VOLTAGE     NODE   VOLTAGE


($N_0001)    0.0000                   ($N_0002)    0.0000                       

($N_0003)    0.0000                   




    VOLTAGE SOURCE CURRENTS
    NAME         CURRENT

    V_V1         0.000E+00

    TOTAL POWER DISSIPATION   0.00E+00  WATTS


**** 05/21/112 19:38:48 ******** NT Evaluation PSpice (July 1997) ************

 * C:\MSimEv_8\Projects\ue3\2_2.sch


 ****     SMALL SIGNAL BIAS SOLUTION       TEMPERATURE =  100.000 DEG C

                      MONTE CARLO PASS    3

******************************************************************************



 NODE   VOLTAGE     NODE   VOLTAGE     NODE   VOLTAGE     NODE   VOLTAGE


($N_0001)    0.0000                   ($N_0002)    0.0000                       

($N_0003)    0.0000                   




    VOLTAGE SOURCE CURRENTS
    NAME         CURRENT

    V_V1         0.000E+00

    TOTAL POWER DISSIPATION   0.00E+00  WATTS


**** 05/21/112 19:38:48 ******** NT Evaluation PSpice (July 1997) ************

 * C:\MSimEv_8\Projects\ue3\2_2.sch


 ****     SMALL SIGNAL BIAS SOLUTION       TEMPERATURE =  100.000 DEG C

                      MONTE CARLO PASS    4

******************************************************************************



 NODE   VOLTAGE     NODE   VOLTAGE     NODE   VOLTAGE     NODE   VOLTAGE


($N_0001)    0.0000                   ($N_0002)    0.0000                       

($N_0003)    0.0000                   




    VOLTAGE SOURCE CURRENTS
    NAME         CURRENT

    V_V1         0.000E+00

    TOTAL POWER DISSIPATION   0.00E+00  WATTS


**** 05/21/112 19:38:49 ******** NT Evaluation PSpice (July 1997) ************

 * C:\MSimEv_8\Projects\ue3\2_2.sch


 ****     SMALL SIGNAL BIAS SOLUTION       TEMPERATURE =  100.000 DEG C

                      MONTE CARLO PASS    5

******************************************************************************



 NODE   VOLTAGE     NODE   VOLTAGE     NODE   VOLTAGE     NODE   VOLTAGE


($N_0001)    0.0000                   ($N_0002)    0.0000                       

($N_0003)    0.0000                   




    VOLTAGE SOURCE CURRENTS
    NAME         CURRENT

    V_V1         0.000E+00

    TOTAL POWER DISSIPATION   0.00E+00  WATTS


**** 05/21/112 19:38:49 ******** NT Evaluation PSpice (July 1997) ************

 * C:\MSimEv_8\Projects\ue3\2_2.sch


 ****     SMALL SIGNAL BIAS SOLUTION       TEMPERATURE =  100.000 DEG C

                      MONTE CARLO PASS    6

******************************************************************************



 NODE   VOLTAGE     NODE   VOLTAGE     NODE   VOLTAGE     NODE   VOLTAGE


($N_0001)    0.0000                   ($N_0002)    0.0000                       

($N_0003)    0.0000                   




    VOLTAGE SOURCE CURRENTS
    NAME         CURRENT

    V_V1         0.000E+00

    TOTAL POWER DISSIPATION   0.00E+00  WATTS


**** 05/21/112 19:38:49 ******** NT Evaluation PSpice (July 1997) ************

 * C:\MSimEv_8\Projects\ue3\2_2.sch


 ****     SMALL SIGNAL BIAS SOLUTION       TEMPERATURE =  100.000 DEG C

                      MONTE CARLO PASS    7

******************************************************************************



 NODE   VOLTAGE     NODE   VOLTAGE     NODE   VOLTAGE     NODE   VOLTAGE


($N_0001)    0.0000                   ($N_0002)    0.0000                       

($N_0003)    0.0000                   




    VOLTAGE SOURCE CURRENTS
    NAME         CURRENT

    V_V1         0.000E+00

    TOTAL POWER DISSIPATION   0.00E+00  WATTS


**** 05/21/112 19:38:49 ******** NT Evaluation PSpice (July 1997) ************

 * C:\MSimEv_8\Projects\ue3\2_2.sch


 ****     SMALL SIGNAL BIAS SOLUTION       TEMPERATURE =  100.000 DEG C

                      MONTE CARLO PASS    8

******************************************************************************



 NODE   VOLTAGE     NODE   VOLTAGE     NODE   VOLTAGE     NODE   VOLTAGE


($N_0001)    0.0000                   ($N_0002)    0.0000                       

($N_0003)    0.0000                   




    VOLTAGE SOURCE CURRENTS
    NAME         CURRENT

    V_V1         0.000E+00

    TOTAL POWER DISSIPATION   0.00E+00  WATTS


**** 05/21/112 19:38:49 ******** NT Evaluation PSpice (July 1997) ************

 * C:\MSimEv_8\Projects\ue3\2_2.sch


 ****     SMALL SIGNAL BIAS SOLUTION       TEMPERATURE =  100.000 DEG C

                      MONTE CARLO PASS    9

******************************************************************************



 NODE   VOLTAGE     NODE   VOLTAGE     NODE   VOLTAGE     NODE   VOLTAGE


($N_0001)    0.0000                   ($N_0002)    0.0000                       

($N_0003)    0.0000                   




    VOLTAGE SOURCE CURRENTS
    NAME         CURRENT

    V_V1         0.000E+00

    TOTAL POWER DISSIPATION   0.00E+00  WATTS


**** 05/21/112 19:38:49 ******** NT Evaluation PSpice (July 1997) ************

 * C:\MSimEv_8\Projects\ue3\2_2.sch


 ****     SMALL SIGNAL BIAS SOLUTION       TEMPERATURE =  100.000 DEG C

                      MONTE CARLO PASS   10

******************************************************************************



 NODE   VOLTAGE     NODE   VOLTAGE     NODE   VOLTAGE     NODE   VOLTAGE


($N_0001)    0.0000                   ($N_0002)    0.0000                       

($N_0003)    0.0000                   




    VOLTAGE SOURCE CURRENTS
    NAME         CURRENT

    V_V1         0.000E+00

    TOTAL POWER DISSIPATION   0.00E+00  WATTS


**** 05/21/112 19:38:49 ******** NT Evaluation PSpice (July 1997) ************

 * C:\MSimEv_8\Projects\ue3\2_2.sch


 ****     SORTED DEVIATIONS OF V($N_0003)  TEMPERATURE =  100.000 DEG C

                      MONTE CARLO SUMMARY

******************************************************************************





 RUN                    MAXIMUM VALUE

Pass    6                .3651 at F =  107.6500E+03
                        ( 109.54% of Nominal)

Pass    2                .3599 at F =  110.1500E+03
                        ( 107.97% of Nominal)

Pass   10                .357  at F =  104.7100E+03
                        ( 107.1 % of Nominal)

Pass    9                .341  at F =   98.6280E+03
                        ( 102.29% of Nominal)

Pass    4                .3395 at F =   99.0830E+03
                        ( 101.86% of Nominal)

NOMINAL                  .3333 at F =  104.2300E+03

Pass    8                .3276 at F =  112.9800E+03
                        (  98.267% of Nominal)

Pass    5                .3215 at F =   97.2750E+03
                        (  96.459% of Nominal)

Pass    3                .3183 at F =  109.9000E+03
                        (  95.504% of Nominal)

Pass    7                .3182 at F =  110.1500E+03
                        (  95.462% of Nominal)



          JOB CONCLUDED

          TOTAL JOB TIME            2.75
