
**** 03/26/112 20:19:41 ******** NT Evaluation PSpice (July 1997) ************

 * C:\MSimEv_8\Projects\ue2_ex3\pnp_output.sch


 ****     CIRCUIT DESCRIPTION


******************************************************************************




* Schematics Version 8.0 - July 1997
* Sat Mar 24 18:10:56 2012



** Analysis setup **
.DC LIN V_V_CE 0 15 0.01 
+  V_V_BE LIST 
+ 0.75 0.85 0.95
.TEMP -10 27 85


* From [SCHEMATICS NETLIST] section of msim.ini:
.lib nom.lib

.INC "3_pnp_output.net"

**** INCLUDING 3_pnp_output.net ****
* Schematics Netlist *



V_V_CE         0 $N_0001   
V_V_BE         0 $N_0002   
Q_Q1         $N_0001 $N_0002 0 Q2N3906

**** RESUMING 3_pnp_output.cir ****
.INC "3_pnp_output.als"



**** INCLUDING 3_pnp_output.als ****
* Schematics Aliases *

.ALIASES
V_V_CE          V_CE(+=0 -=$N_0001 )
V_V_BE          V_BE(+=0 -=$N_0002 )
Q_Q1            Q1(c=$N_0001 b=$N_0002 e=0 )
.ENDALIASES


**** RESUMING 3_pnp_output.cir ****
.probe


.END

**** 03/26/112 20:19:41 ******** NT Evaluation PSpice (July 1997) ************

 * C:\MSimEv_8\Projects\ue2_ex3\pnp_output.sch


 ****     BJT MODEL PARAMETERS


******************************************************************************




               Q2N3906         
               PNP             
          IS    1.410000E-15 
          BF  180.7          
          NF    1            
         VAF   18.7          
         IKF     .08         
          BR    4.977        
          NR    1            
          RB   10            
          RC    2.5          
         CJE    8.063000E-12 
         MJE     .3677       
         CJC    9.728000E-12 
         MJC     .5776       
          TF  179.300000E-12 
         XTF    6            
         VTF    4            
         ITF     .4          
          TR   33.420000E-09 
         XTB    1.5          


**** 03/26/112 20:19:41 ******** NT Evaluation PSpice (July 1997) ************

 * C:\MSimEv_8\Projects\ue2_ex3\pnp_output.sch


 ****     TEMPERATURE-ADJUSTED VALUES      TEMPERATURE =  -10.000 DEG C


******************************************************************************






 **** BJT MODEL PARAMETERS
 NAME          BF        ISE        VJE        CJE         RE         RB
               BR        ISC        VJC        CJC         RC        RBM
               IS        ISS        VJS        CJS
 Q2N3906    1.483E+02  0.000E+00  8.134E-01  7.768E-12  0.000E+00  1.000E+01
            4.086E+00  0.000E+00  8.134E-01  9.170E-12  2.500E+00  1.000E+01
            2.276E-18  0.000E+00  8.134E-01  0.000E+00

**** 03/26/112 20:19:41 ******** NT Evaluation PSpice (July 1997) ************

 * C:\MSimEv_8\Projects\ue2_ex3\pnp_output.sch


 ****     TEMPERATURE-ADJUSTED VALUES      TEMPERATURE =   27.000 DEG C


******************************************************************************






 **** BJT MODEL PARAMETERS
 NAME          BF        ISE        VJE        CJE         RE         RB
               BR        ISC        VJC        CJC         RC        RBM
               IS        ISS        VJS        CJS
 Q2N3906    1.807E+02  0.000E+00  7.500E-01  8.063E-12  0.000E+00  1.000E+01
            4.977E+00  0.000E+00  7.500E-01  9.728E-12  2.500E+00  1.000E+01
            1.410E-15  0.000E+00  7.500E-01  0.000E+00

**** 03/26/112 20:19:41 ******** NT Evaluation PSpice (July 1997) ************

 * C:\MSimEv_8\Projects\ue2_ex3\pnp_output.sch


 ****     TEMPERATURE-ADJUSTED VALUES      TEMPERATURE =   85.000 DEG C


******************************************************************************






 **** BJT MODEL PARAMETERS
 NAME          BF        ISE        VJE        CJE         RE         RB
               BR        ISC        VJC        CJC         RC        RBM
               IS        ISS        VJS        CJS
 Q2N3906    2.355E+02  0.000E+00  6.466E-01  8.541E-12  0.000E+00  1.000E+01
            6.487E+00  0.000E+00  6.466E-01  1.063E-11  2.500E+00  1.000E+01
            2.499E-12  0.000E+00  6.466E-01  0.000E+00


          JOB CONCLUDED

          TOTAL JOB TIME             .21
