
**** 05/21/112 13:58:50 ******** NT Evaluation PSpice (July 1997) ************

 * C:\MSimEv_8\Projects\ue3\2_2.sch


 ****     CIRCUIT DESCRIPTION


******************************************************************************




* Schematics Version 8.0 - July 1997
* Mon May 21 13:58:26 2012


.PARAM         Rval=72 

** Analysis setup **
.ac DEC 1000 10000 1000000
.WCASE AC V([$N_0003]) MIN
+  VARY BOTH LOW
.TEMP -25 27 100
.LIB "C:\MSimEv_8\Projects\ue3\2_1.lib"
.LIB "C:\MSimEv_8\Projects\ue3\2_2.lib"


* From [SCHEMATICS NETLIST] section of msim.ini:
.lib nom.lib

.INC "2_2.net"

**** INCLUDING 2_2.net ****
* Schematics Netlist *



V_V1         $N_0001 0 DC 0V AC 1V 
R_R1         $N_0001 $N_0002 Rbreak-X {Rval}
C_C1         $N_0002 $N_0003 Cbreak-X 22n 
R_R2         $N_0003 0 Rbreak-X1 {Rval}
C_C2         $N_0003 0 Cbreak-X1 22n 

**** RESUMING 2_2.cir ****
.INC "2_2.als"



**** INCLUDING 2_2.als ****
* Schematics Aliases *

.ALIASES
V_V1            V1(+=$N_0001 -=0 )
R_R1            R1(1=$N_0001 2=$N_0002 )
C_C1            C1(1=$N_0002 2=$N_0003 )
R_R2            R2(1=$N_0003 2=0 )
C_C2            C2(1=$N_0003 2=0 )
.ENDALIASES


**** RESUMING 2_2.cir ****
.probe


.END

**** 05/21/112 13:58:50 ******** NT Evaluation PSpice (July 1997) ************

 * C:\MSimEv_8\Projects\ue3\2_2.sch


 ****     Resistor MODEL PARAMETERS


******************************************************************************




               Rbreak-X        Rbreak-X1       
           R    1               1            
         TC1 -200.000000E-06 -200.000000E-06 


**** 05/21/112 13:58:50 ******** NT Evaluation PSpice (July 1997) ************

 * C:\MSimEv_8\Projects\ue3\2_2.sch


 ****     Capacitor MODEL PARAMETERS


******************************************************************************




               Cbreak-X        Cbreak-X1       
           C    1               1            
         TC1 -300.000000E-06 -300.000000E-06 


**** 05/21/112 13:58:50 ******** NT Evaluation PSpice (July 1997) ************

 * C:\MSimEv_8\Projects\ue3\2_2.sch


 ****     TEMPERATURE-ADJUSTED VALUES      TEMPERATURE =  -25.000 DEG C


******************************************************************************






 **** CAPACITORS
 NAME        VALUE
 C_C1       2.234E-08
 C_C2       2.234E-08



 **** RESISTORS
 NAME        VALUE
 R_R1       7.275E+01
 R_R2       7.275E+01

**** 05/21/112 13:58:50 ******** NT Evaluation PSpice (July 1997) ************

 * C:\MSimEv_8\Projects\ue3\2_2.sch


 ****     SMALL SIGNAL BIAS SOLUTION       TEMPERATURE =  -25.000 DEG C

                      SENSITIVITY NOMINAL             

******************************************************************************



 NODE   VOLTAGE     NODE   VOLTAGE     NODE   VOLTAGE     NODE   VOLTAGE


($N_0001)    0.0000                   ($N_0002)    0.0000                       

($N_0003)    0.0000                   




    VOLTAGE SOURCE CURRENTS
    NAME         CURRENT

    V_V1         0.000E+00

    TOTAL POWER DISSIPATION   0.00E+00  WATTS

 NODE   VOLTAGE     NODE   VOLTAGE     NODE   VOLTAGE     NODE   VOLTAGE


($N_0001)    0.0000                   ($N_0002)    0.0000                       

($N_0003)    0.0000                   




    VOLTAGE SOURCE CURRENTS
    NAME         CURRENT

    V_V1         0.000E+00

    TOTAL POWER DISSIPATION   0.00E+00  WATTS

 NODE   VOLTAGE     NODE   VOLTAGE     NODE   VOLTAGE     NODE   VOLTAGE


($N_0001)    0.0000                   ($N_0002)    0.0000                       

($N_0003)    0.0000                   




    VOLTAGE SOURCE CURRENTS
    NAME         CURRENT

    V_V1         0.000E+00

    TOTAL POWER DISSIPATION   0.00E+00  WATTS

 NODE   VOLTAGE     NODE   VOLTAGE     NODE   VOLTAGE     NODE   VOLTAGE


($N_0001)    0.0000                   ($N_0002)    0.0000                       

($N_0003)    0.0000                   




    VOLTAGE SOURCE CURRENTS
    NAME         CURRENT

    V_V1         0.000E+00

    TOTAL POWER DISSIPATION   0.00E+00  WATTS

 NODE   VOLTAGE     NODE   VOLTAGE     NODE   VOLTAGE     NODE   VOLTAGE


($N_0001)    0.0000                   ($N_0002)    0.0000                       

($N_0003)    0.0000                   




    VOLTAGE SOURCE CURRENTS
    NAME         CURRENT

    V_V1         0.000E+00

    TOTAL POWER DISSIPATION   0.00E+00  WATTS


**** 05/21/112 13:58:50 ******** NT Evaluation PSpice (July 1997) ************

 * C:\MSimEv_8\Projects\ue3\2_2.sch


 ****     SORTED DEVIATIONS OF V($N_0003)  TEMPERATURE =  -25.000 DEG C

                      SENSITIVITY SUMMARY

******************************************************************************





 RUN                    MINIMUM VALUE

Rbreak-X1 R DEVICES      .0948 at F =    1.0000E+06
                        (    .018 % change per 1% change in Model Parameter)

C_C1 Cbreak-X C          .0948 at F =    1.0000E+06
                        (    .018 % change per 1% change in Model Parameter)

NOMINAL                  .0948 at F =    1.0000E+06

Cbreak-X1 C DEVICES      .0947 at F =    1.0000E+06
                        (   -.9541% change per 1% change in Model Parameter)

R_R1 Rbreak-X R          .0947 at F =    1.0000E+06
                        (   -.9541% change per 1% change in Model Parameter)


**** 05/21/112 13:58:50 ******** NT Evaluation PSpice (July 1997) ************

 * C:\MSimEv_8\Projects\ue3\2_2.sch


 ****     WORST CASE ANALYSIS              TEMPERATURE =  -25.000 DEG C

                      WORST  CASE ALL DEVICES         

******************************************************************************




**** 05/21/112 13:58:50 ******** NT Evaluation PSpice (July 1997) ************

 * C:\MSimEv_8\Projects\ue3\2_2.sch


 ****     UPDATED MODEL PARAMETERS         TEMPERATURE =  -25.000 DEG C

                      WORST  CASE ALL DEVICES         

******************************************************************************



DEVICE            MODEL           PARAMETER       NEW VALUE     
C_C2              Cbreak-X1       C                  1.3225         (Increased)
R_R2              Rbreak-X1       R                   .9801         (Decreased)
C_C1              Cbreak-X        C                   .85           (Decreased)
R_R1              Rbreak-X        R                  1.01           (Increased)

**** 05/21/112 13:58:50 ******** NT Evaluation PSpice (July 1997) ************

 * C:\MSimEv_8\Projects\ue3\2_2.sch


 ****     SMALL SIGNAL BIAS SOLUTION       TEMPERATURE =  -25.000 DEG C

                      WORST  CASE ALL DEVICES         

******************************************************************************



 NODE   VOLTAGE     NODE   VOLTAGE     NODE   VOLTAGE     NODE   VOLTAGE


($N_0001)    0.0000                   ($N_0002)    0.0000                       

($N_0003)    0.0000                   




    VOLTAGE SOURCE CURRENTS
    NAME         CURRENT

    V_V1         0.000E+00

    TOTAL POWER DISSIPATION   0.00E+00  WATTS


**** 05/21/112 13:58:50 ******** NT Evaluation PSpice (July 1997) ************

 * C:\MSimEv_8\Projects\ue3\2_2.sch


 ****     SORTED DEVIATIONS OF V($N_0003)  TEMPERATURE =  -25.000 DEG C

                      WORST  CASE SUMMARY

******************************************************************************





 RUN                    MINIMUM VALUE

NOMINAL                  .0948 at F =    1.0000E+06

ALL DEVICES              .0715 at F =    1.0000E+06
                        (  75.406% of Nominal)


**** 05/21/112 13:58:50 ******** NT Evaluation PSpice (July 1997) ************

 * C:\MSimEv_8\Projects\ue3\2_2.sch


 ****     TEMPERATURE-ADJUSTED VALUES      TEMPERATURE =   27.000 DEG C


******************************************************************************






 **** CAPACITORS
 NAME        VALUE
 C_C1       2.200E-08
 C_C2       2.200E-08



 **** RESISTORS
 NAME        VALUE
 R_R1       7.200E+01
 R_R2       7.200E+01

**** 05/21/112 13:58:50 ******** NT Evaluation PSpice (July 1997) ************

 * C:\MSimEv_8\Projects\ue3\2_2.sch


 ****     SMALL SIGNAL BIAS SOLUTION       TEMPERATURE =   27.000 DEG C

                      SENSITIVITY NOMINAL             

******************************************************************************



 NODE   VOLTAGE     NODE   VOLTAGE     NODE   VOLTAGE     NODE   VOLTAGE


($N_0001)    0.0000                   ($N_0002)    0.0000                       

($N_0003)    0.0000                   




    VOLTAGE SOURCE CURRENTS
    NAME         CURRENT

    V_V1         0.000E+00

    TOTAL POWER DISSIPATION   0.00E+00  WATTS

 NODE   VOLTAGE     NODE   VOLTAGE     NODE   VOLTAGE     NODE   VOLTAGE


($N_0001)    0.0000                   ($N_0002)    0.0000                       

($N_0003)    0.0000                   




    VOLTAGE SOURCE CURRENTS
    NAME         CURRENT

    V_V1         0.000E+00

    TOTAL POWER DISSIPATION   0.00E+00  WATTS

 NODE   VOLTAGE     NODE   VOLTAGE     NODE   VOLTAGE     NODE   VOLTAGE


($N_0001)    0.0000                   ($N_0002)    0.0000                       

($N_0003)    0.0000                   




    VOLTAGE SOURCE CURRENTS
    NAME         CURRENT

    V_V1         0.000E+00

    TOTAL POWER DISSIPATION   0.00E+00  WATTS

 NODE   VOLTAGE     NODE   VOLTAGE     NODE   VOLTAGE     NODE   VOLTAGE


($N_0001)    0.0000                   ($N_0002)    0.0000                       

($N_0003)    0.0000                   




    VOLTAGE SOURCE CURRENTS
    NAME         CURRENT

    V_V1         0.000E+00

    TOTAL POWER DISSIPATION   0.00E+00  WATTS

 NODE   VOLTAGE     NODE   VOLTAGE     NODE   VOLTAGE     NODE   VOLTAGE


($N_0001)    0.0000                   ($N_0002)    0.0000                       

($N_0003)    0.0000                   




    VOLTAGE SOURCE CURRENTS
    NAME         CURRENT

    V_V1         0.000E+00

    TOTAL POWER DISSIPATION   0.00E+00  WATTS


**** 05/21/112 13:58:50 ******** NT Evaluation PSpice (July 1997) ************

 * C:\MSimEv_8\Projects\ue3\2_2.sch


 ****     SORTED DEVIATIONS OF V($N_0003)  TEMPERATURE =   27.000 DEG C

                      SENSITIVITY SUMMARY

******************************************************************************





 RUN                    MINIMUM VALUE

Rbreak-X1 R DEVICES      .0963 at F =   10.0000E+03
                        (    .9536% change per 1% change in Model Parameter)

C_C1 Cbreak-X C          .0963 at F =   10.0000E+03
                        (    .9536% change per 1% change in Model Parameter)

NOMINAL                  .0962 at F =   10.0000E+03

Cbreak-X1 C DEVICES      .0962 at F =   10.0000E+03
                        (   -.0186% change per 1% change in Model Parameter)

R_R1 Rbreak-X R          .0962 at F =   10.0000E+03
                        (   -.0186% change per 1% change in Model Parameter)


**** 05/21/112 13:58:50 ******** NT Evaluation PSpice (July 1997) ************

 * C:\MSimEv_8\Projects\ue3\2_2.sch


 ****     WORST CASE ANALYSIS              TEMPERATURE =   27.000 DEG C

                      WORST  CASE ALL DEVICES         

******************************************************************************




**** 05/21/112 13:58:50 ******** NT Evaluation PSpice (July 1997) ************

 * C:\MSimEv_8\Projects\ue3\2_2.sch


 ****     UPDATED MODEL PARAMETERS         TEMPERATURE =   27.000 DEG C

                      WORST  CASE ALL DEVICES         

******************************************************************************



DEVICE            MODEL           PARAMETER       NEW VALUE     
C_C2              Cbreak-X1       C                  1.3225         (Increased)
R_R2              Rbreak-X1       R                   .9801         (Decreased)
C_C1              Cbreak-X        C                   .85           (Decreased)
R_R1              Rbreak-X        R                  1.01           (Increased)

**** 05/21/112 13:58:50 ******** NT Evaluation PSpice (July 1997) ************

 * C:\MSimEv_8\Projects\ue3\2_2.sch


 ****     SMALL SIGNAL BIAS SOLUTION       TEMPERATURE =   27.000 DEG C

                      WORST  CASE ALL DEVICES         

******************************************************************************



 NODE   VOLTAGE     NODE   VOLTAGE     NODE   VOLTAGE     NODE   VOLTAGE


($N_0001)    0.0000                   ($N_0002)    0.0000                       

($N_0003)    0.0000                   




    VOLTAGE SOURCE CURRENTS
    NAME         CURRENT

    V_V1         0.000E+00

    TOTAL POWER DISSIPATION   0.00E+00  WATTS


**** 05/21/112 13:58:50 ******** NT Evaluation PSpice (July 1997) ************

 * C:\MSimEv_8\Projects\ue3\2_2.sch


 ****     SORTED DEVIATIONS OF V($N_0003)  TEMPERATURE =   27.000 DEG C

                      WORST  CASE SUMMARY

******************************************************************************





 RUN                    MINIMUM VALUE

NOMINAL                  .0962 at F =   10.0000E+03

ALL DEVICES              .0732 at F =    1.0000E+06
                        (  76.107% of Nominal)


**** 05/21/112 13:58:50 ******** NT Evaluation PSpice (July 1997) ************

 * C:\MSimEv_8\Projects\ue3\2_2.sch


 ****     TEMPERATURE-ADJUSTED VALUES      TEMPERATURE =  100.000 DEG C


******************************************************************************






 **** CAPACITORS
 NAME        VALUE
 C_C1       2.152E-08
 C_C2       2.152E-08



 **** RESISTORS
 NAME        VALUE
 R_R1       7.095E+01
 R_R2       7.095E+01

**** 05/21/112 13:58:50 ******** NT Evaluation PSpice (July 1997) ************

 * C:\MSimEv_8\Projects\ue3\2_2.sch


 ****     SMALL SIGNAL BIAS SOLUTION       TEMPERATURE =  100.000 DEG C

                      SENSITIVITY NOMINAL             

******************************************************************************



 NODE   VOLTAGE     NODE   VOLTAGE     NODE   VOLTAGE     NODE   VOLTAGE


($N_0001)    0.0000                   ($N_0002)    0.0000                       

($N_0003)    0.0000                   




    VOLTAGE SOURCE CURRENTS
    NAME         CURRENT

    V_V1         0.000E+00

    TOTAL POWER DISSIPATION   0.00E+00  WATTS

 NODE   VOLTAGE     NODE   VOLTAGE     NODE   VOLTAGE     NODE   VOLTAGE


($N_0001)    0.0000                   ($N_0002)    0.0000                       

($N_0003)    0.0000                   




    VOLTAGE SOURCE CURRENTS
    NAME         CURRENT

    V_V1         0.000E+00

    TOTAL POWER DISSIPATION   0.00E+00  WATTS

 NODE   VOLTAGE     NODE   VOLTAGE     NODE   VOLTAGE     NODE   VOLTAGE


($N_0001)    0.0000                   ($N_0002)    0.0000                       

($N_0003)    0.0000                   




    VOLTAGE SOURCE CURRENTS
    NAME         CURRENT

    V_V1         0.000E+00

    TOTAL POWER DISSIPATION   0.00E+00  WATTS

 NODE   VOLTAGE     NODE   VOLTAGE     NODE   VOLTAGE     NODE   VOLTAGE


($N_0001)    0.0000                   ($N_0002)    0.0000                       

($N_0003)    0.0000                   




    VOLTAGE SOURCE CURRENTS
    NAME         CURRENT

    V_V1         0.000E+00

    TOTAL POWER DISSIPATION   0.00E+00  WATTS

 NODE   VOLTAGE     NODE   VOLTAGE     NODE   VOLTAGE     NODE   VOLTAGE


($N_0001)    0.0000                   ($N_0002)    0.0000                       

($N_0003)    0.0000                   




    VOLTAGE SOURCE CURRENTS
    NAME         CURRENT

    V_V1         0.000E+00

    TOTAL POWER DISSIPATION   0.00E+00  WATTS


**** 05/21/112 13:58:50 ******** NT Evaluation PSpice (July 1997) ************

 * C:\MSimEv_8\Projects\ue3\2_2.sch


 ****     SORTED DEVIATIONS OF V($N_0003)  TEMPERATURE =  100.000 DEG C

                      SENSITIVITY SUMMARY

******************************************************************************





 RUN                    MINIMUM VALUE

Rbreak-X1 R DEVICES      .0931 at F =   10.0000E+03
                        (    .9568% change per 1% change in Model Parameter)

C_C1 Cbreak-X C          .0931 at F =   10.0000E+03
                        (    .9568% change per 1% change in Model Parameter)

NOMINAL                  .093  at F =   10.0000E+03

Cbreak-X1 C DEVICES      .093  at F =   10.0000E+03
                        (   -.0173% change per 1% change in Model Parameter)

R_R1 Rbreak-X R          .093  at F =   10.0000E+03
                        (   -.0173% change per 1% change in Model Parameter)


**** 05/21/112 13:58:50 ******** NT Evaluation PSpice (July 1997) ************

 * C:\MSimEv_8\Projects\ue3\2_2.sch


 ****     WORST CASE ANALYSIS              TEMPERATURE =  100.000 DEG C

                      WORST  CASE ALL DEVICES         

******************************************************************************




**** 05/21/112 13:58:50 ******** NT Evaluation PSpice (July 1997) ************

 * C:\MSimEv_8\Projects\ue3\2_2.sch


 ****     UPDATED MODEL PARAMETERS         TEMPERATURE =  100.000 DEG C

                      WORST  CASE ALL DEVICES         

******************************************************************************



DEVICE            MODEL           PARAMETER       NEW VALUE     
C_C2              Cbreak-X1       C                  1.3225         (Increased)
R_R2              Rbreak-X1       R                   .9801         (Decreased)
C_C1              Cbreak-X        C                   .85           (Decreased)
R_R1              Rbreak-X        R                  1.01           (Increased)

**** 05/21/112 13:58:50 ******** NT Evaluation PSpice (July 1997) ************

 * C:\MSimEv_8\Projects\ue3\2_2.sch


 ****     SMALL SIGNAL BIAS SOLUTION       TEMPERATURE =  100.000 DEG C

                      WORST  CASE ALL DEVICES         

******************************************************************************



 NODE   VOLTAGE     NODE   VOLTAGE     NODE   VOLTAGE     NODE   VOLTAGE


($N_0001)    0.0000                   ($N_0002)    0.0000                       

($N_0003)    0.0000                   




    VOLTAGE SOURCE CURRENTS
    NAME         CURRENT

    V_V1         0.000E+00

    TOTAL POWER DISSIPATION   0.00E+00  WATTS


**** 05/21/112 13:58:50 ******** NT Evaluation PSpice (July 1997) ************

 * C:\MSimEv_8\Projects\ue3\2_2.sch


 ****     SORTED DEVIATIONS OF V($N_0003)  TEMPERATURE =  100.000 DEG C

                      WORST  CASE SUMMARY

******************************************************************************





 RUN                    MINIMUM VALUE

NOMINAL                  .093  at F =   10.0000E+03

ALL DEVICES              .0758 at F =    1.0000E+06
                        (  81.576% of Nominal)



          JOB CONCLUDED

          TOTAL JOB TIME            1.53
