
**** 05/20/112 22:51:42 ******** NT Evaluation PSpice (July 1997) ************

 * C:\MSimEv_8\Projects\ue3\2_2.sch


 ****     CIRCUIT DESCRIPTION


******************************************************************************




* Schematics Version 8.0 - July 1997
* Sun May 20 22:51:42 2012


.PARAM         Rval=72 

** Analysis setup **
.ac LIN 1 100000 100000
.WCASE AC V([$N_0001]) YMAX
+  LIST OUTPUT ALL VARY DEV HI
.TEMP -25 27 100
.LIB "C:\MSimEv_8\Projects\ue3\2_1.lib"


* From [SCHEMATICS NETLIST] section of msim.ini:
.lib nom.lib

.INC "2_2.net"

**** INCLUDING 2_2.net ****
* Schematics Netlist *



C_C2         $N_0001 0 Cbreak-X 22n 
R_R1         $N_0003 $N_0002 Rbreak-X {Rval}
R_R2         $N_0001 0 Rbreak-X {Rval}
C_C1         $N_0002 $N_0001 Cbreak-X 22n 
V_V1         $N_0003 0 DC 0V AC 1V 

**** RESUMING 2_2.cir ****
.INC "2_2.als"



**** INCLUDING 2_2.als ****
* Schematics Aliases *

.ALIASES
C_C2            C2(1=$N_0001 2=0 )
R_R1            R1(1=$N_0003 2=$N_0002 )
R_R2            R2(1=$N_0001 2=0 )
C_C1            C1(1=$N_0002 2=$N_0001 )
V_V1            V1(+=$N_0003 -=0 )
.ENDALIASES


**** RESUMING 2_2.cir ****
.probe


.END

**** 05/20/112 22:51:42 ******** NT Evaluation PSpice (July 1997) ************

 * C:\MSimEv_8\Projects\ue3\2_2.sch


 ****     Resistor MODEL PARAMETERS


******************************************************************************




               Rbreak-X        
           R    1            
         TC1 -200.000000E-06 


**** 05/20/112 22:51:42 ******** NT Evaluation PSpice (July 1997) ************

 * C:\MSimEv_8\Projects\ue3\2_2.sch


 ****     Capacitor MODEL PARAMETERS


******************************************************************************




               Cbreak-X        
           C    1            
         TC1 -300.000000E-06 


**** 05/20/112 22:51:42 ******** NT Evaluation PSpice (July 1997) ************

 * C:\MSimEv_8\Projects\ue3\2_2.sch


 ****     TEMPERATURE-ADJUSTED VALUES      TEMPERATURE =  -25.000 DEG C


******************************************************************************






 **** CAPACITORS
 NAME        VALUE
 C_C2       2.234E-08
 C_C1       2.234E-08



 **** RESISTORS
 NAME        VALUE
 R_R1       7.275E+01
 R_R2       7.275E+01

**** 05/20/112 22:51:42 ******** NT Evaluation PSpice (July 1997) ************

 * C:\MSimEv_8\Projects\ue3\2_2.sch


 ****     SMALL SIGNAL BIAS SOLUTION       TEMPERATURE =  -25.000 DEG C

                      SENSITIVITY NOMINAL             

******************************************************************************



 NODE   VOLTAGE     NODE   VOLTAGE     NODE   VOLTAGE     NODE   VOLTAGE


($N_0001)    0.0000                   ($N_0002)    0.0000                       

($N_0003)    0.0000                   




    VOLTAGE SOURCE CURRENTS
    NAME         CURRENT

    V_V1         0.000E+00

    TOTAL POWER DISSIPATION   0.00E+00  WATTS


**** 05/20/112 22:51:42 ******** NT Evaluation PSpice (July 1997) ************

 * C:\MSimEv_8\Projects\ue3\2_2.sch


 ****     UPDATED MODEL PARAMETERS         TEMPERATURE =  -25.000 DEG C

                      SENSITIVITY C_C2 CBREAK-X C     

******************************************************************************



DEVICE            MODEL           PARAMETER       NEW VALUE     
C_C2              Cbreak-X        C                  1.001      

**** 05/20/112 22:51:42 ******** NT Evaluation PSpice (July 1997) ************

 * C:\MSimEv_8\Projects\ue3\2_2.sch


 ****     SMALL SIGNAL BIAS SOLUTION       TEMPERATURE =  -25.000 DEG C

                      SENSITIVITY C_C2 CBREAK-X C     

******************************************************************************



 NODE   VOLTAGE     NODE   VOLTAGE     NODE   VOLTAGE     NODE   VOLTAGE


($N_0001)    0.0000                   ($N_0002)    0.0000                       

($N_0003)    0.0000                   




    VOLTAGE SOURCE CURRENTS
    NAME         CURRENT

    V_V1         0.000E+00

    TOTAL POWER DISSIPATION   0.00E+00  WATTS


**** 05/20/112 22:51:42 ******** NT Evaluation PSpice (July 1997) ************

 * C:\MSimEv_8\Projects\ue3\2_2.sch


 ****     UPDATED MODEL PARAMETERS         TEMPERATURE =  -25.000 DEG C

                      SENSITIVITY C_C1 CBREAK-X C     

******************************************************************************



DEVICE            MODEL           PARAMETER       NEW VALUE     
C_C1              Cbreak-X        C                  1.001      

**** 05/20/112 22:51:42 ******** NT Evaluation PSpice (July 1997) ************

 * C:\MSimEv_8\Projects\ue3\2_2.sch


 ****     SMALL SIGNAL BIAS SOLUTION       TEMPERATURE =  -25.000 DEG C

                      SENSITIVITY C_C1 CBREAK-X C     

******************************************************************************



 NODE   VOLTAGE     NODE   VOLTAGE     NODE   VOLTAGE     NODE   VOLTAGE


($N_0001)    0.0000                   ($N_0002)    0.0000                       

($N_0003)    0.0000                   




    VOLTAGE SOURCE CURRENTS
    NAME         CURRENT

    V_V1         0.000E+00

    TOTAL POWER DISSIPATION   0.00E+00  WATTS


**** 05/20/112 22:51:42 ******** NT Evaluation PSpice (July 1997) ************

 * C:\MSimEv_8\Projects\ue3\2_2.sch


 ****     UPDATED MODEL PARAMETERS         TEMPERATURE =  -25.000 DEG C

                      SENSITIVITY R_R1 RBREAK-X R     

******************************************************************************



DEVICE            MODEL           PARAMETER       NEW VALUE     
R_R1              Rbreak-X        R                  1.001      

**** 05/20/112 22:51:42 ******** NT Evaluation PSpice (July 1997) ************

 * C:\MSimEv_8\Projects\ue3\2_2.sch


 ****     SMALL SIGNAL BIAS SOLUTION       TEMPERATURE =  -25.000 DEG C

                      SENSITIVITY R_R1 RBREAK-X R     

******************************************************************************



 NODE   VOLTAGE     NODE   VOLTAGE     NODE   VOLTAGE     NODE   VOLTAGE


($N_0001)    0.0000                   ($N_0002)    0.0000                       

($N_0003)    0.0000                   




    VOLTAGE SOURCE CURRENTS
    NAME         CURRENT

    V_V1         0.000E+00

    TOTAL POWER DISSIPATION   0.00E+00  WATTS


**** 05/20/112 22:51:42 ******** NT Evaluation PSpice (July 1997) ************

 * C:\MSimEv_8\Projects\ue3\2_2.sch


 ****     UPDATED MODEL PARAMETERS         TEMPERATURE =  -25.000 DEG C

                      SENSITIVITY R_R2 RBREAK-X R     

******************************************************************************



DEVICE            MODEL           PARAMETER       NEW VALUE     
R_R2              Rbreak-X        R                  1.001      

**** 05/20/112 22:51:42 ******** NT Evaluation PSpice (July 1997) ************

 * C:\MSimEv_8\Projects\ue3\2_2.sch


 ****     SMALL SIGNAL BIAS SOLUTION       TEMPERATURE =  -25.000 DEG C

                      SENSITIVITY R_R2 RBREAK-X R     

******************************************************************************



 NODE   VOLTAGE     NODE   VOLTAGE     NODE   VOLTAGE     NODE   VOLTAGE


($N_0001)    0.0000                   ($N_0002)    0.0000                       

($N_0003)    0.0000                   




    VOLTAGE SOURCE CURRENTS
    NAME         CURRENT

    V_V1         0.000E+00

    TOTAL POWER DISSIPATION   0.00E+00  WATTS


**** 05/20/112 22:51:42 ******** NT Evaluation PSpice (July 1997) ************

 * C:\MSimEv_8\Projects\ue3\2_2.sch


 ****     SORTED DEVIATIONS OF V($N_0001)  TEMPERATURE =  -25.000 DEG C

                      SENSITIVITY SUMMARY

******************************************************************************





Mean Deviation =   -1.5944E-06
Sigma          =  111.0600E-06

 RUN                    MAX DEVIATION FROM NOMINAL

C_C2 Cbreak-X C      112.6500E-06  (1.01 sigma)  lower   at F =  100.0000E+03
                        (    .338 % change per 1% change in Model Parameter)

R_R1 Rbreak-X R      112.6500E-06  (1.01 sigma)  lower   at F =  100.0000E+03
                        (    .338 % change per 1% change in Model Parameter)

C_C1 Cbreak-X C      109.4600E-06  ( .99 sigma)  higher  at F =  100.0000E+03
                        (    .3284% change per 1% change in Model Parameter)

R_R2 Rbreak-X R      109.4600E-06  ( .99 sigma)  higher  at F =  100.0000E+03
                        (    .3284% change per 1% change in Model Parameter)


**** 05/20/112 22:51:42 ******** NT Evaluation PSpice (July 1997) ************

 * C:\MSimEv_8\Projects\ue3\2_2.sch


 ****     WORST CASE ANALYSIS              TEMPERATURE =  -25.000 DEG C

                      WORST  CASE ALL DEVICES         

******************************************************************************




**** 05/20/112 22:51:42 ******** NT Evaluation PSpice (July 1997) ************

 * C:\MSimEv_8\Projects\ue3\2_2.sch


 ****     UPDATED MODEL PARAMETERS         TEMPERATURE =  -25.000 DEG C

                      WORST  CASE ALL DEVICES         

******************************************************************************



DEVICE            MODEL           PARAMETER       NEW VALUE     
C_C2              Cbreak-X        C                   .85           (Decreased)
C_C1              Cbreak-X        C                  1.15           (Increased)
R_R1              Rbreak-X        R                   .99           (Decreased)
R_R2              Rbreak-X        R                  1.01           (Increased)

**** 05/20/112 22:51:42 ******** NT Evaluation PSpice (July 1997) ************

 * C:\MSimEv_8\Projects\ue3\2_2.sch


 ****     SMALL SIGNAL BIAS SOLUTION       TEMPERATURE =  -25.000 DEG C

                      WORST  CASE ALL DEVICES         

******************************************************************************



 NODE   VOLTAGE     NODE   VOLTAGE     NODE   VOLTAGE     NODE   VOLTAGE


($N_0001)    0.0000                   ($N_0002)    0.0000                       

($N_0003)    0.0000                   




    VOLTAGE SOURCE CURRENTS
    NAME         CURRENT

    V_V1         0.000E+00

    TOTAL POWER DISSIPATION   0.00E+00  WATTS


**** 05/20/112 22:51:42 ******** NT Evaluation PSpice (July 1997) ************

 * C:\MSimEv_8\Projects\ue3\2_2.sch


 ****     SORTED DEVIATIONS OF V($N_0001)  TEMPERATURE =  -25.000 DEG C

                      WORST  CASE SUMMARY

******************************************************************************





 RUN                    MAX DEVIATION FROM NOMINAL

ALL DEVICES              .0344  higher  at F =  100.0000E+03
                        ( 110.33% of Nominal)


**** 05/20/112 22:51:42 ******** NT Evaluation PSpice (July 1997) ************

 * C:\MSimEv_8\Projects\ue3\2_2.sch


 ****     TEMPERATURE-ADJUSTED VALUES      TEMPERATURE =   27.000 DEG C


******************************************************************************






 **** CAPACITORS
 NAME        VALUE
 C_C2       2.200E-08
 C_C1       2.200E-08



 **** RESISTORS
 NAME        VALUE
 R_R1       7.200E+01
 R_R2       7.200E+01

**** 05/20/112 22:51:42 ******** NT Evaluation PSpice (July 1997) ************

 * C:\MSimEv_8\Projects\ue3\2_2.sch


 ****     SMALL SIGNAL BIAS SOLUTION       TEMPERATURE =   27.000 DEG C

                      SENSITIVITY NOMINAL             

******************************************************************************



 NODE   VOLTAGE     NODE   VOLTAGE     NODE   VOLTAGE     NODE   VOLTAGE


($N_0001)    0.0000                   ($N_0002)    0.0000                       

($N_0003)    0.0000                   




    VOLTAGE SOURCE CURRENTS
    NAME         CURRENT

    V_V1         0.000E+00

    TOTAL POWER DISSIPATION   0.00E+00  WATTS


**** 05/20/112 22:51:42 ******** NT Evaluation PSpice (July 1997) ************

 * C:\MSimEv_8\Projects\ue3\2_2.sch


 ****     UPDATED MODEL PARAMETERS         TEMPERATURE =   27.000 DEG C

                      SENSITIVITY C_C2 CBREAK-X C     

******************************************************************************



DEVICE            MODEL           PARAMETER       NEW VALUE     
C_C2              Cbreak-X        C                  1.001      

**** 05/20/112 22:51:42 ******** NT Evaluation PSpice (July 1997) ************

 * C:\MSimEv_8\Projects\ue3\2_2.sch


 ****     SMALL SIGNAL BIAS SOLUTION       TEMPERATURE =   27.000 DEG C

                      SENSITIVITY C_C2 CBREAK-X C     

******************************************************************************



 NODE   VOLTAGE     NODE   VOLTAGE     NODE   VOLTAGE     NODE   VOLTAGE


($N_0001)    0.0000                   ($N_0002)    0.0000                       

($N_0003)    0.0000                   




    VOLTAGE SOURCE CURRENTS
    NAME         CURRENT

    V_V1         0.000E+00

    TOTAL POWER DISSIPATION   0.00E+00  WATTS


**** 05/20/112 22:51:42 ******** NT Evaluation PSpice (July 1997) ************

 * C:\MSimEv_8\Projects\ue3\2_2.sch


 ****     UPDATED MODEL PARAMETERS         TEMPERATURE =   27.000 DEG C

                      SENSITIVITY C_C1 CBREAK-X C     

******************************************************************************



DEVICE            MODEL           PARAMETER       NEW VALUE     
C_C1              Cbreak-X        C                  1.001      

**** 05/20/112 22:51:42 ******** NT Evaluation PSpice (July 1997) ************

 * C:\MSimEv_8\Projects\ue3\2_2.sch


 ****     SMALL SIGNAL BIAS SOLUTION       TEMPERATURE =   27.000 DEG C

                      SENSITIVITY C_C1 CBREAK-X C     

******************************************************************************



 NODE   VOLTAGE     NODE   VOLTAGE     NODE   VOLTAGE     NODE   VOLTAGE


($N_0001)    0.0000                   ($N_0002)    0.0000                       

($N_0003)    0.0000                   




    VOLTAGE SOURCE CURRENTS
    NAME         CURRENT

    V_V1         0.000E+00

    TOTAL POWER DISSIPATION   0.00E+00  WATTS


**** 05/20/112 22:51:42 ******** NT Evaluation PSpice (July 1997) ************

 * C:\MSimEv_8\Projects\ue3\2_2.sch


 ****     UPDATED MODEL PARAMETERS         TEMPERATURE =   27.000 DEG C

                      SENSITIVITY R_R1 RBREAK-X R     

******************************************************************************



DEVICE            MODEL           PARAMETER       NEW VALUE     
R_R1              Rbreak-X        R                  1.001      

**** 05/20/112 22:51:42 ******** NT Evaluation PSpice (July 1997) ************

 * C:\MSimEv_8\Projects\ue3\2_2.sch


 ****     SMALL SIGNAL BIAS SOLUTION       TEMPERATURE =   27.000 DEG C

                      SENSITIVITY R_R1 RBREAK-X R     

******************************************************************************



 NODE   VOLTAGE     NODE   VOLTAGE     NODE   VOLTAGE     NODE   VOLTAGE


($N_0001)    0.0000                   ($N_0002)    0.0000                       

($N_0003)    0.0000                   




    VOLTAGE SOURCE CURRENTS
    NAME         CURRENT

    V_V1         0.000E+00

    TOTAL POWER DISSIPATION   0.00E+00  WATTS


**** 05/20/112 22:51:42 ******** NT Evaluation PSpice (July 1997) ************

 * C:\MSimEv_8\Projects\ue3\2_2.sch


 ****     UPDATED MODEL PARAMETERS         TEMPERATURE =   27.000 DEG C

                      SENSITIVITY R_R2 RBREAK-X R     

******************************************************************************



DEVICE            MODEL           PARAMETER       NEW VALUE     
R_R2              Rbreak-X        R                  1.001      

**** 05/20/112 22:51:42 ******** NT Evaluation PSpice (July 1997) ************

 * C:\MSimEv_8\Projects\ue3\2_2.sch


 ****     SMALL SIGNAL BIAS SOLUTION       TEMPERATURE =   27.000 DEG C

                      SENSITIVITY R_R2 RBREAK-X R     

******************************************************************************



 NODE   VOLTAGE     NODE   VOLTAGE     NODE   VOLTAGE     NODE   VOLTAGE


($N_0001)    0.0000                   ($N_0002)    0.0000                       

($N_0003)    0.0000                   




    VOLTAGE SOURCE CURRENTS
    NAME         CURRENT

    V_V1         0.000E+00

    TOTAL POWER DISSIPATION   0.00E+00  WATTS


**** 05/20/112 22:51:42 ******** NT Evaluation PSpice (July 1997) ************

 * C:\MSimEv_8\Projects\ue3\2_2.sch


 ****     SORTED DEVIATIONS OF V($N_0001)  TEMPERATURE =   27.000 DEG C

                      SENSITIVITY SUMMARY

******************************************************************************





Mean Deviation =  327.8300E-09
Sigma          =  111.0700E-06

 RUN                    MAX DEVIATION FROM NOMINAL

C_C1 Cbreak-X C      111.4000E-06  (1.00 sigma)  higher  at F =  100.0000E+03
                        (    .3342% change per 1% change in Model Parameter)

R_R2 Rbreak-X R      111.4000E-06  (1.00 sigma)  higher  at F =  100.0000E+03
                        (    .3342% change per 1% change in Model Parameter)

C_C2 Cbreak-X C      110.7500E-06  (1.00 sigma)  lower   at F =  100.0000E+03
                        (    .3322% change per 1% change in Model Parameter)

R_R1 Rbreak-X R      110.7500E-06  (1.00 sigma)  lower   at F =  100.0000E+03
                        (    .3322% change per 1% change in Model Parameter)


**** 05/20/112 22:51:42 ******** NT Evaluation PSpice (July 1997) ************

 * C:\MSimEv_8\Projects\ue3\2_2.sch


 ****     WORST CASE ANALYSIS              TEMPERATURE =   27.000 DEG C

                      WORST  CASE ALL DEVICES         

******************************************************************************




**** 05/20/112 22:51:42 ******** NT Evaluation PSpice (July 1997) ************

 * C:\MSimEv_8\Projects\ue3\2_2.sch


 ****     UPDATED MODEL PARAMETERS         TEMPERATURE =   27.000 DEG C

                      WORST  CASE ALL DEVICES         

******************************************************************************



DEVICE            MODEL           PARAMETER       NEW VALUE     
C_C2              Cbreak-X        C                   .85           (Decreased)
C_C1              Cbreak-X        C                  1.15           (Increased)
R_R1              Rbreak-X        R                   .99           (Decreased)
R_R2              Rbreak-X        R                  1.01           (Increased)

**** 05/20/112 22:51:42 ******** NT Evaluation PSpice (July 1997) ************

 * C:\MSimEv_8\Projects\ue3\2_2.sch


 ****     SMALL SIGNAL BIAS SOLUTION       TEMPERATURE =   27.000 DEG C

                      WORST  CASE ALL DEVICES         

******************************************************************************



 NODE   VOLTAGE     NODE   VOLTAGE     NODE   VOLTAGE     NODE   VOLTAGE


($N_0001)    0.0000                   ($N_0002)    0.0000                       

($N_0003)    0.0000                   




    VOLTAGE SOURCE CURRENTS
    NAME         CURRENT

    V_V1         0.000E+00

    TOTAL POWER DISSIPATION   0.00E+00  WATTS


**** 05/20/112 22:51:42 ******** NT Evaluation PSpice (July 1997) ************

 * C:\MSimEv_8\Projects\ue3\2_2.sch


 ****     SORTED DEVIATIONS OF V($N_0001)  TEMPERATURE =   27.000 DEG C

                      WORST  CASE SUMMARY

******************************************************************************





 RUN                    MAX DEVIATION FROM NOMINAL

ALL DEVICES              .0344  higher  at F =  100.0000E+03
                        ( 110.32% of Nominal)


**** 05/20/112 22:51:42 ******** NT Evaluation PSpice (July 1997) ************

 * C:\MSimEv_8\Projects\ue3\2_2.sch


 ****     TEMPERATURE-ADJUSTED VALUES      TEMPERATURE =  100.000 DEG C


******************************************************************************






 **** CAPACITORS
 NAME        VALUE
 C_C2       2.152E-08
 C_C1       2.152E-08



 **** RESISTORS
 NAME        VALUE
 R_R1       7.095E+01
 R_R2       7.095E+01

**** 05/20/112 22:51:42 ******** NT Evaluation PSpice (July 1997) ************

 * C:\MSimEv_8\Projects\ue3\2_2.sch


 ****     SMALL SIGNAL BIAS SOLUTION       TEMPERATURE =  100.000 DEG C

                      SENSITIVITY NOMINAL             

******************************************************************************



 NODE   VOLTAGE     NODE   VOLTAGE     NODE   VOLTAGE     NODE   VOLTAGE


($N_0001)    0.0000                   ($N_0002)    0.0000                       

($N_0003)    0.0000                   




    VOLTAGE SOURCE CURRENTS
    NAME         CURRENT

    V_V1         0.000E+00

    TOTAL POWER DISSIPATION   0.00E+00  WATTS


**** 05/20/112 22:51:42 ******** NT Evaluation PSpice (July 1997) ************

 * C:\MSimEv_8\Projects\ue3\2_2.sch


 ****     UPDATED MODEL PARAMETERS         TEMPERATURE =  100.000 DEG C

                      SENSITIVITY C_C2 CBREAK-X C     

******************************************************************************



DEVICE            MODEL           PARAMETER       NEW VALUE     
C_C2              Cbreak-X        C                  1.001      

**** 05/20/112 22:51:42 ******** NT Evaluation PSpice (July 1997) ************

 * C:\MSimEv_8\Projects\ue3\2_2.sch


 ****     SMALL SIGNAL BIAS SOLUTION       TEMPERATURE =  100.000 DEG C

                      SENSITIVITY C_C2 CBREAK-X C     

******************************************************************************



 NODE   VOLTAGE     NODE   VOLTAGE     NODE   VOLTAGE     NODE   VOLTAGE


($N_0001)    0.0000                   ($N_0002)    0.0000                       

($N_0003)    0.0000                   




    VOLTAGE SOURCE CURRENTS
    NAME         CURRENT

    V_V1         0.000E+00

    TOTAL POWER DISSIPATION   0.00E+00  WATTS


**** 05/20/112 22:51:42 ******** NT Evaluation PSpice (July 1997) ************

 * C:\MSimEv_8\Projects\ue3\2_2.sch


 ****     UPDATED MODEL PARAMETERS         TEMPERATURE =  100.000 DEG C

                      SENSITIVITY C_C1 CBREAK-X C     

******************************************************************************



DEVICE            MODEL           PARAMETER       NEW VALUE     
C_C1              Cbreak-X        C                  1.001      

**** 05/20/112 22:51:42 ******** NT Evaluation PSpice (July 1997) ************

 * C:\MSimEv_8\Projects\ue3\2_2.sch


 ****     SMALL SIGNAL BIAS SOLUTION       TEMPERATURE =  100.000 DEG C

                      SENSITIVITY C_C1 CBREAK-X C     

******************************************************************************



 NODE   VOLTAGE     NODE   VOLTAGE     NODE   VOLTAGE     NODE   VOLTAGE


($N_0001)    0.0000                   ($N_0002)    0.0000                       

($N_0003)    0.0000                   




    VOLTAGE SOURCE CURRENTS
    NAME         CURRENT

    V_V1         0.000E+00

    TOTAL POWER DISSIPATION   0.00E+00  WATTS


**** 05/20/112 22:51:42 ******** NT Evaluation PSpice (July 1997) ************

 * C:\MSimEv_8\Projects\ue3\2_2.sch


 ****     UPDATED MODEL PARAMETERS         TEMPERATURE =  100.000 DEG C

                      SENSITIVITY R_R1 RBREAK-X R     

******************************************************************************



DEVICE            MODEL           PARAMETER       NEW VALUE     
R_R1              Rbreak-X        R                  1.001      

**** 05/20/112 22:51:42 ******** NT Evaluation PSpice (July 1997) ************

 * C:\MSimEv_8\Projects\ue3\2_2.sch


 ****     SMALL SIGNAL BIAS SOLUTION       TEMPERATURE =  100.000 DEG C

                      SENSITIVITY R_R1 RBREAK-X R     

******************************************************************************



 NODE   VOLTAGE     NODE   VOLTAGE     NODE   VOLTAGE     NODE   VOLTAGE


($N_0001)    0.0000                   ($N_0002)    0.0000                       

($N_0003)    0.0000                   




    VOLTAGE SOURCE CURRENTS
    NAME         CURRENT

    V_V1         0.000E+00

    TOTAL POWER DISSIPATION   0.00E+00  WATTS


**** 05/20/112 22:51:42 ******** NT Evaluation PSpice (July 1997) ************

 * C:\MSimEv_8\Projects\ue3\2_2.sch


 ****     UPDATED MODEL PARAMETERS         TEMPERATURE =  100.000 DEG C

                      SENSITIVITY R_R2 RBREAK-X R     

******************************************************************************



DEVICE            MODEL           PARAMETER       NEW VALUE     
R_R2              Rbreak-X        R                  1.001      

**** 05/20/112 22:51:42 ******** NT Evaluation PSpice (July 1997) ************

 * C:\MSimEv_8\Projects\ue3\2_2.sch


 ****     SMALL SIGNAL BIAS SOLUTION       TEMPERATURE =  100.000 DEG C

                      SENSITIVITY R_R2 RBREAK-X R     

******************************************************************************



 NODE   VOLTAGE     NODE   VOLTAGE     NODE   VOLTAGE     NODE   VOLTAGE


($N_0001)    0.0000                   ($N_0002)    0.0000                       

($N_0003)    0.0000                   




    VOLTAGE SOURCE CURRENTS
    NAME         CURRENT

    V_V1         0.000E+00

    TOTAL POWER DISSIPATION   0.00E+00  WATTS


**** 05/20/112 22:51:42 ******** NT Evaluation PSpice (July 1997) ************

 * C:\MSimEv_8\Projects\ue3\2_2.sch


 ****     SORTED DEVIATIONS OF V($N_0001)  TEMPERATURE =  100.000 DEG C

                      SENSITIVITY SUMMARY

******************************************************************************





Mean Deviation =    3.0547E-06
Sigma          =  111.0600E-06

 RUN                    MAX DEVIATION FROM NOMINAL

C_C1 Cbreak-X C      114.1100E-06  (1.03 sigma)  higher  at F =  100.0000E+03
                        (    .3425% change per 1% change in Model Parameter)

R_R2 Rbreak-X R      114.1100E-06  (1.03 sigma)  higher  at F =  100.0000E+03
                        (    .3425% change per 1% change in Model Parameter)

C_C2 Cbreak-X C      108.0000E-06  ( .97 sigma)  lower   at F =  100.0000E+03
                        (    .3241% change per 1% change in Model Parameter)

R_R1 Rbreak-X R      108.0000E-06  ( .97 sigma)  lower   at F =  100.0000E+03
                        (    .3241% change per 1% change in Model Parameter)


**** 05/20/112 22:51:42 ******** NT Evaluation PSpice (July 1997) ************

 * C:\MSimEv_8\Projects\ue3\2_2.sch


 ****     WORST CASE ANALYSIS              TEMPERATURE =  100.000 DEG C

                      WORST  CASE ALL DEVICES         

******************************************************************************




**** 05/20/112 22:51:42 ******** NT Evaluation PSpice (July 1997) ************

 * C:\MSimEv_8\Projects\ue3\2_2.sch


 ****     UPDATED MODEL PARAMETERS         TEMPERATURE =  100.000 DEG C

                      WORST  CASE ALL DEVICES         

******************************************************************************



DEVICE            MODEL           PARAMETER       NEW VALUE     
C_C2              Cbreak-X        C                   .85           (Decreased)
C_C1              Cbreak-X        C                  1.15           (Increased)
R_R1              Rbreak-X        R                   .99           (Decreased)
R_R2              Rbreak-X        R                  1.01           (Increased)

**** 05/20/112 22:51:42 ******** NT Evaluation PSpice (July 1997) ************

 * C:\MSimEv_8\Projects\ue3\2_2.sch


 ****     SMALL SIGNAL BIAS SOLUTION       TEMPERATURE =  100.000 DEG C

                      WORST  CASE ALL DEVICES         

******************************************************************************



 NODE   VOLTAGE     NODE   VOLTAGE     NODE   VOLTAGE     NODE   VOLTAGE


($N_0001)    0.0000                   ($N_0002)    0.0000                       

($N_0003)    0.0000                   




    VOLTAGE SOURCE CURRENTS
    NAME         CURRENT

    V_V1         0.000E+00

    TOTAL POWER DISSIPATION   0.00E+00  WATTS


**** 05/20/112 22:51:42 ******** NT Evaluation PSpice (July 1997) ************

 * C:\MSimEv_8\Projects\ue3\2_2.sch


 ****     SORTED DEVIATIONS OF V($N_0001)  TEMPERATURE =  100.000 DEG C

                      WORST  CASE SUMMARY

******************************************************************************





 RUN                    MAX DEVIATION FROM NOMINAL

ALL DEVICES              .0343  higher  at F =  100.0000E+03
                        ( 110.3 % of Nominal)



          JOB CONCLUDED

          TOTAL JOB TIME             .05
