
**** 05/21/112 19:48:17 ******** NT Evaluation PSpice (July 1997) ************

 * C:\MSimEv_8\Projects\ue3\2_3.sch


 ****     CIRCUIT DESCRIPTION


******************************************************************************




* Schematics Version 8.0 - July 1997
* Sun May 20 21:35:54 2012


.PARAM         Rval=72 

** Analysis setup **
.ac DEC 1000 10000 1000000
.MC 3 AC V([$N_0001]) YMAX
+  OUTPUT ALL
.TEMP -25 27 100
.LIB "C:\MSimEv_8\Projects\ue3\2_1.lib"


* From [SCHEMATICS NETLIST] section of msim.ini:
.lib nom.lib

.INC "2_3.net"

**** INCLUDING 2_3.net ****
* Schematics Netlist *



C_C2         $N_0001 0 Cbreak-X 22n 
R_R1         $N_0003 $N_0002 Rbreak-X {Rval}
R_R2         $N_0001 0 Rbreak-X {Rval}
C_C1         $N_0002 $N_0001 Cbreak-X 22n 
V_V1         $N_0003 0 DC 0V AC 1V 

**** RESUMING 2_3.cir ****
.INC "2_3.als"



**** INCLUDING 2_3.als ****
* Schematics Aliases *

.ALIASES
C_C2            C2(1=$N_0001 2=0 )
R_R1            R1(1=$N_0003 2=$N_0002 )
R_R2            R2(1=$N_0001 2=0 )
C_C1            C1(1=$N_0002 2=$N_0001 )
V_V1            V1(+=$N_0003 -=0 )
.ENDALIASES


**** RESUMING 2_3.cir ****
.probe


.END

**** 05/21/112 19:48:17 ******** NT Evaluation PSpice (July 1997) ************

 * C:\MSimEv_8\Projects\ue3\2_3.sch


 ****     Resistor MODEL PARAMETERS


******************************************************************************




               Rbreak-X        
           R    1            
         TC1 -200.000000E-06 


**** 05/21/112 19:48:17 ******** NT Evaluation PSpice (July 1997) ************

 * C:\MSimEv_8\Projects\ue3\2_3.sch


 ****     Capacitor MODEL PARAMETERS


******************************************************************************




               Cbreak-X        
           C    1            
         TC1 -300.000000E-06 


**** 05/21/112 19:48:17 ******** NT Evaluation PSpice (July 1997) ************

 * C:\MSimEv_8\Projects\ue3\2_3.sch


 ****     TEMPERATURE-ADJUSTED VALUES      TEMPERATURE =  -25.000 DEG C


******************************************************************************






 **** CAPACITORS
 NAME        VALUE
 C_C2       2.234E-08
 C_C1       2.234E-08



 **** RESISTORS
 NAME        VALUE
 R_R1       7.275E+01
 R_R2       7.275E+01


 **** CURRENT MODEL PARAMETERS FOR DEVICES REFERENCING Rbreak-X
                       R_R1            R_R2            
              R      1.0000E+00      1.0000E+00


 **** CURRENT MODEL PARAMETERS FOR DEVICES REFERENCING Cbreak-X
                       C_C2            C_C1            
              C      1.0000E+00      1.0000E+00

**** 05/21/112 19:48:17 ******** NT Evaluation PSpice (July 1997) ************

 * C:\MSimEv_8\Projects\ue3\2_3.sch


 ****     SMALL SIGNAL BIAS SOLUTION       TEMPERATURE =  -25.000 DEG C

                      MONTE CARLO NOMINAL  

******************************************************************************



 NODE   VOLTAGE     NODE   VOLTAGE     NODE   VOLTAGE     NODE   VOLTAGE


($N_0001)    0.0000                   ($N_0002)    0.0000                       

($N_0003)    0.0000                   




    VOLTAGE SOURCE CURRENTS
    NAME         CURRENT

    V_V1         0.000E+00

    TOTAL POWER DISSIPATION   0.00E+00  WATTS


**** 05/21/112 19:48:17 ******** NT Evaluation PSpice (July 1997) ************

 * C:\MSimEv_8\Projects\ue3\2_3.sch


 ****     SMALL SIGNAL BIAS SOLUTION       TEMPERATURE =  -25.000 DEG C

                      MONTE CARLO PASS    2

******************************************************************************



 NODE   VOLTAGE     NODE   VOLTAGE     NODE   VOLTAGE     NODE   VOLTAGE


($N_0001)    0.0000                   ($N_0002)    0.0000                       

($N_0003)    0.0000                   




    VOLTAGE SOURCE CURRENTS
    NAME         CURRENT

    V_V1         0.000E+00

    TOTAL POWER DISSIPATION   0.00E+00  WATTS


**** 05/21/112 19:48:17 ******** NT Evaluation PSpice (July 1997) ************

 * C:\MSimEv_8\Projects\ue3\2_3.sch


 ****     SMALL SIGNAL BIAS SOLUTION       TEMPERATURE =  -25.000 DEG C

                      MONTE CARLO PASS    3

******************************************************************************



 NODE   VOLTAGE     NODE   VOLTAGE     NODE   VOLTAGE     NODE   VOLTAGE


($N_0001)    0.0000                   ($N_0002)    0.0000                       

($N_0003)    0.0000                   




    VOLTAGE SOURCE CURRENTS
    NAME         CURRENT

    V_V1         0.000E+00

    TOTAL POWER DISSIPATION   0.00E+00  WATTS


**** 05/21/112 19:48:17 ******** NT Evaluation PSpice (July 1997) ************

 * C:\MSimEv_8\Projects\ue3\2_3.sch


 ****     SORTED DEVIATIONS OF V($N_0001)  TEMPERATURE =  -25.000 DEG C

                      MONTE CARLO SUMMARY

******************************************************************************





Mean Deviation =    -.0211
Sigma          =     .0105

 RUN                    MAX DEVIATION FROM NOMINAL

Pass    2                .0316  (3.01 sigma)  lower   at F =   46.4520E+03
                        (  89.213% of Nominal)

Pass    3                .0106  (1.01 sigma)  lower   at F =  353.1800E+03
                        (  95.239% of Nominal)


**** 05/21/112 19:48:17 ******** NT Evaluation PSpice (July 1997) ************

 * C:\MSimEv_8\Projects\ue3\2_3.sch


 ****     TEMPERATURE-ADJUSTED VALUES      TEMPERATURE =   27.000 DEG C


******************************************************************************






 **** CAPACITORS
 NAME        VALUE
 C_C2       2.200E-08
 C_C1       2.200E-08



 **** RESISTORS
 NAME        VALUE
 R_R1       7.200E+01
 R_R2       7.200E+01


 **** CURRENT MODEL PARAMETERS FOR DEVICES REFERENCING Rbreak-X
                       R_R1            R_R2            
              R      1.0000E+00      1.0000E+00


 **** CURRENT MODEL PARAMETERS FOR DEVICES REFERENCING Cbreak-X
                       C_C2            C_C1            
              C      1.0000E+00      1.0000E+00

**** 05/21/112 19:48:18 ******** NT Evaluation PSpice (July 1997) ************

 * C:\MSimEv_8\Projects\ue3\2_3.sch


 ****     SMALL SIGNAL BIAS SOLUTION       TEMPERATURE =   27.000 DEG C

                      MONTE CARLO NOMINAL  

******************************************************************************



 NODE   VOLTAGE     NODE   VOLTAGE     NODE   VOLTAGE     NODE   VOLTAGE


($N_0001)    0.0000                   ($N_0002)    0.0000                       

($N_0003)    0.0000                   




    VOLTAGE SOURCE CURRENTS
    NAME         CURRENT

    V_V1         0.000E+00

    TOTAL POWER DISSIPATION   0.00E+00  WATTS


**** 05/21/112 19:48:18 ******** NT Evaluation PSpice (July 1997) ************

 * C:\MSimEv_8\Projects\ue3\2_3.sch


 ****     SMALL SIGNAL BIAS SOLUTION       TEMPERATURE =   27.000 DEG C

                      MONTE CARLO PASS    2

******************************************************************************



 NODE   VOLTAGE     NODE   VOLTAGE     NODE   VOLTAGE     NODE   VOLTAGE


($N_0001)    0.0000                   ($N_0002)    0.0000                       

($N_0003)    0.0000                   




    VOLTAGE SOURCE CURRENTS
    NAME         CURRENT

    V_V1         0.000E+00

    TOTAL POWER DISSIPATION   0.00E+00  WATTS


**** 05/21/112 19:48:18 ******** NT Evaluation PSpice (July 1997) ************

 * C:\MSimEv_8\Projects\ue3\2_3.sch


 ****     SMALL SIGNAL BIAS SOLUTION       TEMPERATURE =   27.000 DEG C

                      MONTE CARLO PASS    3

******************************************************************************



 NODE   VOLTAGE     NODE   VOLTAGE     NODE   VOLTAGE     NODE   VOLTAGE


($N_0001)    0.0000                   ($N_0002)    0.0000                       

($N_0003)    0.0000                   




    VOLTAGE SOURCE CURRENTS
    NAME         CURRENT

    V_V1         0.000E+00

    TOTAL POWER DISSIPATION   0.00E+00  WATTS


**** 05/21/112 19:48:18 ******** NT Evaluation PSpice (July 1997) ************

 * C:\MSimEv_8\Projects\ue3\2_3.sch


 ****     SORTED DEVIATIONS OF V($N_0001)  TEMPERATURE =   27.000 DEG C

                      MONTE CARLO SUMMARY

******************************************************************************





Mean Deviation =    -.0211
Sigma          =     .0105

 RUN                    MAX DEVIATION FROM NOMINAL

Pass    2                .0316  (3.01 sigma)  lower   at F =   47.7530E+03
                        (  89.22 % of Nominal)

Pass    3                .0106  (1.01 sigma)  lower   at F =  362.2400E+03
                        (  95.241% of Nominal)


**** 05/21/112 19:48:18 ******** NT Evaluation PSpice (July 1997) ************

 * C:\MSimEv_8\Projects\ue3\2_3.sch


 ****     TEMPERATURE-ADJUSTED VALUES      TEMPERATURE =  100.000 DEG C


******************************************************************************






 **** CAPACITORS
 NAME        VALUE
 C_C2       2.152E-08
 C_C1       2.152E-08



 **** RESISTORS
 NAME        VALUE
 R_R1       7.095E+01
 R_R2       7.095E+01


 **** CURRENT MODEL PARAMETERS FOR DEVICES REFERENCING Rbreak-X
                       R_R1            R_R2            
              R      1.0000E+00      1.0000E+00


 **** CURRENT MODEL PARAMETERS FOR DEVICES REFERENCING Cbreak-X
                       C_C2            C_C1            
              C      1.0000E+00      1.0000E+00

**** 05/21/112 19:48:18 ******** NT Evaluation PSpice (July 1997) ************

 * C:\MSimEv_8\Projects\ue3\2_3.sch


 ****     SMALL SIGNAL BIAS SOLUTION       TEMPERATURE =  100.000 DEG C

                      MONTE CARLO NOMINAL  

******************************************************************************



 NODE   VOLTAGE     NODE   VOLTAGE     NODE   VOLTAGE     NODE   VOLTAGE


($N_0001)    0.0000                   ($N_0002)    0.0000                       

($N_0003)    0.0000                   




    VOLTAGE SOURCE CURRENTS
    NAME         CURRENT

    V_V1         0.000E+00

    TOTAL POWER DISSIPATION   0.00E+00  WATTS


**** 05/21/112 19:48:18 ******** NT Evaluation PSpice (July 1997) ************

 * C:\MSimEv_8\Projects\ue3\2_3.sch


 ****     SMALL SIGNAL BIAS SOLUTION       TEMPERATURE =  100.000 DEG C

                      MONTE CARLO PASS    2

******************************************************************************



 NODE   VOLTAGE     NODE   VOLTAGE     NODE   VOLTAGE     NODE   VOLTAGE


($N_0001)    0.0000                   ($N_0002)    0.0000                       

($N_0003)    0.0000                   




    VOLTAGE SOURCE CURRENTS
    NAME         CURRENT

    V_V1         0.000E+00

    TOTAL POWER DISSIPATION   0.00E+00  WATTS


**** 05/21/112 19:48:18 ******** NT Evaluation PSpice (July 1997) ************

 * C:\MSimEv_8\Projects\ue3\2_3.sch


 ****     SMALL SIGNAL BIAS SOLUTION       TEMPERATURE =  100.000 DEG C

                      MONTE CARLO PASS    3

******************************************************************************



 NODE   VOLTAGE     NODE   VOLTAGE     NODE   VOLTAGE     NODE   VOLTAGE


($N_0001)    0.0000                   ($N_0002)    0.0000                       

($N_0003)    0.0000                   




    VOLTAGE SOURCE CURRENTS
    NAME         CURRENT

    V_V1         0.000E+00

    TOTAL POWER DISSIPATION   0.00E+00  WATTS


**** 05/21/112 19:48:18 ******** NT Evaluation PSpice (July 1997) ************

 * C:\MSimEv_8\Projects\ue3\2_3.sch


 ****     SORTED DEVIATIONS OF V($N_0001)  TEMPERATURE =  100.000 DEG C

                      MONTE CARLO SUMMARY

******************************************************************************





Mean Deviation =    -.0211
Sigma          =     .0105

 RUN                    MAX DEVIATION FROM NOMINAL

Pass    2                .0316  (3.01 sigma)  lower   at F =   49.5450E+03
                        (  89.22 % of Nominal)

Pass    3                .0106  (1.01 sigma)  lower   at F =  375.8400E+03
                        (  95.241% of Nominal)



          JOB CONCLUDED

          TOTAL JOB TIME             .84
